<?xml version="1.0" encoding="UTF-8" standalone="no"?>
<!DOCTYPE log SYSTEM "logger.dtd">
<log>
<record>
  <date>2010-01-18T19:55:53</date>
  <millis>1263837353007</millis>
  <sequence>0</sequence>
  <level>SEVERE</level>
  <class>com.google.code.reelcash.util.ReportingUtils</class>
  <method>fillInvoice</method>
  <thread>10</thread>
  <message>Fill ended up pretty badly</message>
  <exception>
    <message>net.sf.jasperreports.engine.fill.JRExpressionEvalException: Error evaluating expression : 
	Source text : $F{number}</message>
    <frame>
      <class>net.sf.jasperreports.engine.fill.JREvaluator</class>
      <method>evaluate</method>
      <line>193</line>
    </frame>
    <frame>
      <class>net.sf.jasperreports.engine.fill.JRCalculator</class>
      <method>evaluate</method>
      <line>570</line>
    </frame>
    <frame>
      <class>net.sf.jasperreports.engine.fill.JRCalculator</class>
      <method>evaluate</method>
      <line>538</line>
    </frame>
    <frame>
      <class>net.sf.jasperreports.engine.fill.JRFillElement</class>
      <method>evaluateExpression</method>
      <line>868</line>
    </frame>
    <frame>
      <class>net.sf.jasperreports.engine.fill.JRFillTextField</class>
      <method>evaluateText</method>
      <line>368</line>
    </frame>
    <frame>
      <class>net.sf.jasperreports.engine.fill.JRFillTextField</class>
      <method>evaluate</method>
      <line>353</line>
    </frame>
    <frame>
      <class>net.sf.jasperreports.engine.fill.JRFillElementContainer</class>
      <method>evaluate</method>
      <line>256</line>
    </frame>
    <frame>
      <class>net.sf.jasperreports.engine.fill.JRFillBand</class>
      <method>evaluate</method>
      <line>482</line>
    </frame>
    <frame>
      <class>net.sf.jasperreports.engine.fill.JRVerticalFiller</class>
      <method>fillTitle</method>
      <line>308</line>
    </frame>
    <frame>
      <class>net.sf.jasperreports.engine.fill.JRVerticalFiller</class>
      <method>fillReportStart</method>
      <line>244</line>
    </frame>
    <frame>
      <class>net.sf.jasperreports.engine.fill.JRVerticalFiller</class>
      <method>fillReport</method>
      <line>110</line>
    </frame>
    <frame>
      <class>net.sf.jasperreports.engine.fill.JRBaseFiller</class>
      <method>fill</method>
      <line>923</line>
    </frame>
    <frame>
      <class>net.sf.jasperreports.engine.fill.JRBaseFiller</class>
      <method>fill</method>
      <line>826</line>
    </frame>
    <frame>
      <class>net.sf.jasperreports.engine.fill.JRFiller</class>
      <method>fillReport</method>
      <line>59</line>
    </frame>
    <frame>
      <class>net.sf.jasperreports.engine.JasperFillManager</class>
      <method>fillReport</method>
      <line>417</line>
    </frame>
    <frame>
      <class>net.sf.jasperreports.engine.JasperFillManager</class>
      <method>fillReport</method>
      <line>247</line>
    </frame>
    <frame>
      <class>com.google.code.reelcash.util.ReportingUtils</class>
      <method>fillInvoice</method>
      <line>126</line>
    </frame>
    <frame>
      <class>com.google.code.reelcash.actions.PreviewInvoiceAction</class>
      <method>actionPerformed</method>
      <line>47</line>
    </frame>
    <frame>
      <class>javax.swing.AbstractButton</class>
      <method>fireActionPerformed</method>
      <line>1995</line>
    </frame>
    <frame>
      <class>javax.swing.AbstractButton$Handler</class>
      <method>actionPerformed</method>
      <line>2318</line>
    </frame>
    <frame>
      <class>javax.swing.DefaultButtonModel</class>
      <method>fireActionPerformed</method>
      <line>387</line>
    </frame>
    <frame>
      <class>javax.swing.DefaultButtonModel</class>
      <method>setPressed</method>
      <line>242</line>
    </frame>
    <frame>
      <class>javax.swing.plaf.basic.BasicButtonListener</class>
      <method>mouseReleased</method>
      <line>236</line>
    </frame>
    <frame>
      <class>java.awt.Component</class>
      <method>processMouseEvent</method>
      <line>6263</line>
    </frame>
    <frame>
      <class>javax.swing.JComponent</class>
      <method>processMouseEvent</method>
      <line>3255</line>
    </frame>
    <frame>
      <class>java.awt.Component</class>
      <method>processEvent</method>
      <line>6028</line>
    </frame>
    <frame>
      <class>java.awt.Container</class>
      <method>processEvent</method>
      <line>2041</line>
    </frame>
    <frame>
      <class>java.awt.Component</class>
      <method>dispatchEventImpl</method>
      <line>4630</line>
    </frame>
    <frame>
      <class>java.awt.Container</class>
      <method>dispatchEventImpl</method>
      <line>2099</line>
    </frame>
    <frame>
      <class>java.awt.Component</class>
      <method>dispatchEvent</method>
      <line>4460</line>
    </frame>
    <frame>
      <class>java.awt.LightweightDispatcher</class>
      <method>retargetMouseEvent</method>
      <line>4574</line>
    </frame>
    <frame>
      <class>java.awt.LightweightDispatcher</class>
      <method>processMouseEvent</method>
      <line>4238</line>
    </frame>
    <frame>
      <class>java.awt.LightweightDispatcher</class>
      <method>dispatchEvent</method>
      <line>4168</line>
    </frame>
    <frame>
      <class>java.awt.Container</class>
      <method>dispatchEventImpl</method>
      <line>2085</line>
    </frame>
    <frame>
      <class>java.awt.Window</class>
      <method>dispatchEventImpl</method>
      <line>2475</line>
    </frame>
    <frame>
      <class>java.awt.Component</class>
      <method>dispatchEvent</method>
      <line>4460</line>
    </frame>
    <frame>
      <class>java.awt.EventQueue</class>
      <method>dispatchEvent</method>
      <line>599</line>
    </frame>
    <frame>
      <class>java.awt.EventDispatchThread</class>
      <method>pumpOneEventForFilters</method>
      <line>269</line>
    </frame>
    <frame>
      <class>java.awt.EventDispatchThread</class>
      <method>pumpEventsForFilter</method>
      <line>184</line>
    </frame>
    <frame>
      <class>java.awt.EventDispatchThread</class>
      <method>pumpEventsForHierarchy</method>
      <line>174</line>
    </frame>
    <frame>
      <class>java.awt.EventDispatchThread</class>
      <method>pumpEvents</method>
      <line>169</line>
    </frame>
    <frame>
      <class>java.awt.EventDispatchThread</class>
      <method>pumpEvents</method>
      <line>161</line>
    </frame>
    <frame>
      <class>java.awt.EventDispatchThread</class>
      <method>run</method>
      <line>122</line>
    </frame>
  </exception>
</record>
